***********************************************************************
16:03:37
日志信息：
Service Start!
***********************************************************************
16:03:37
日志信息：
jobList:[{"Id":1,"Name":"Test1","GroupName":"Test","RequestUrl":"Http://172.0.0.1/test1","RequestType":0,"OutTime":30000,"Trigger":"0/5 * * * * ?","Description":"测试任务1","Status":1,"Creator":"db","CreateTime":"2019-06-12T18:23:30.81","Modifier":null,"ModifiedTime":"2019-06-12T18:23:30.81"},{"Id":2,"Name":"Test2","GroupName":"Test","RequestUrl":"Http://172.0.0.1/test2","RequestType":0,"OutTime":30000,"Trigger":"0/10 * * * * ?","Description":"测试任务2","Status":1,"Creator":"db","CreateTime":"2019-06-12T18:23:30.81","Modifier":null,"ModifiedTime":"2019-06-12T18:23:30.81"},{"Id":3,"Name":"Test3","GroupName":"Test","RequestUrl":"Http://172.0.0.1/test3","RequestType":0,"OutTime":30000,"Trigger":"0/15 * * * * ?","Description":"测试任务3","Status":1,"Creator":"db","CreateTime":"2019-06-12T18:23:30.81","Modifier":null,"ModifiedTime":"2019-06-12T18:23:30.81"},{"Id":4,"Name":"Test4","GroupName":"Test","RequestUrl":"Http://172.0.0.1/test4","RequestType":0,"OutTime":30000,"Trigger":"0/20 * * * * ?","Description":"测试任务4","Status":1,"Creator":"db","CreateTime":"2019-06-12T18:23:30.81","Modifier":null,"ModifiedTime":"2019-06-12T18:23:30.81"}]
***********************************************************************
16:03:40
日志信息：
Job Name：Test1
***********************************************************************
16:03:45
日志信息：
Job Name：Test1
***********************************************************************
16:03:45
日志信息：
Job Name：Test3
***********************************************************************
16:03:50
日志信息：
Job Name：Test1
***********************************************************************
16:03:50
日志信息：
Job Name：Test2
***********************************************************************
16:03:55
日志信息：
Job Name：Test1
***********************************************************************
16:04:00
日志信息：
Job Name：Test1
***********************************************************************
16:04:00
日志信息：
Job Name：Test2
***********************************************************************
16:04:00
日志信息：
Job Name：Test3
***********************************************************************
16:04:00
日志信息：
Job Name：Test4
***********************************************************************
16:04:05
日志信息：
Job Name：Test1
***********************************************************************
16:04:10
日志信息：
Job Name：Test1
***********************************************************************
16:04:10
日志信息：
Job Name：Test2
***********************************************************************
16:04:15
日志信息：
Job Name：Test1
***********************************************************************
16:04:15
日志信息：
Job Name：Test3
***********************************************************************
16:04:20
日志信息：
Job Name：Test1
***********************************************************************
16:04:20
日志信息：
Job Name：Test2
***********************************************************************
16:04:20
日志信息：
Job Name：Test4
***********************************************************************
16:04:25
日志信息：
Job Name：Test1
***********************************************************************
16:04:30
日志信息：
Job Name：Test1
***********************************************************************
16:04:30
日志信息：
Job Name：Test2
***********************************************************************
16:04:30
日志信息：
Job Name：Test3
***********************************************************************
16:04:35
日志信息：
Job Name：Test1
***********************************************************************
16:04:40
日志信息：
Job Name：Test1
***********************************************************************
16:04:40
日志信息：
Job Name：Test2
***********************************************************************
16:04:40
日志信息：
Job Name：Test4
***********************************************************************
16:04:45
日志信息：
Job Name：Test1
***********************************************************************
16:04:45
日志信息：
Job Name：Test3
***********************************************************************
16:04:50
日志信息：
Job Name：Test1
***********************************************************************
16:04:50
日志信息：
Job Name：Test2
***********************************************************************
16:04:52
日志信息：
Service Stop!
